<?xml version="1.0" encoding="UTF-8"?>
<!-- Generated by org.testng.reporters.JUnitReportReporter -->
<testsuite skipped="0" hostname="80J5FC2" name="com.qa.tests.GetAPITest" tests="2" failures="0" timestamp="21 Feb 2018 18:41:27 GMT" time="3.148" errors="0">
  <testcase name="getAPITestWithoutHeader" time="2.159" classname="com.qa.tests.GetAPITest"/>
  <testcase name="getAPITestWithHeader" time="0.989" classname="com.qa.tests.GetAPITest"/>
</testsuite> <!-- com.qa.tests.GetAPITest -->
