<?xml version="1.0" encoding="UTF-8"?>
<!-- Generated by org.testng.reporters.JUnitReportReporter -->
<testsuite skipped="0" hostname="80J5FC2" name="com.qa.tests.PostAPITest" tests="1" failures="0" timestamp="25 Feb 2018 18:02:40 GMT" time="2.350" errors="0">
  <testcase name="postAPITest" time="2.350" classname="com.qa.tests.PostAPITest"/>
</testsuite> <!-- com.qa.tests.PostAPITest -->
